<?xml version="1.0" encoding="UTF-8"?>
<!-- Generated by org.testng.reporters.JUnitReportReporter -->
<testsuite hostname="DELL" failures="0" tests="4" name="api.test.userTests2" time="22.982" errors="0" timestamp="2024-12-26T12:46:08 IST" skipped="0">
  <testcase classname="api.test.userTests2" name="testPostUser" time="3.270"/>
  <testcase classname="api.test.userTests2" name="testgetUser" time="4.957"/>
  <testcase classname="api.test.userTests2" name="testPutUser" time="9.269"/>
  <testcase classname="api.test.userTests2" name="testdeleteUser" time="5.486"/>
</testsuite> <!-- api.test.userTests2 -->
