<?xml version="1.0" encoding="UTF-8"?>
<!-- Generated by org.testng.reporters.JUnitReportReporter -->
<testsuite hostname="DELL" failures="0" tests="4" name="api.test.userTests" time="25.895" errors="0" timestamp="2024-12-20T21:29:24 IST" skipped="0">
  <testcase classname="api.test.userTests" name="testPostUser" time="9.483"/>
  <testcase classname="api.test.userTests" name="testgetUser" time="2.773"/>
  <testcase classname="api.test.userTests" name="testPutUser" time="10.436"/>
  <testcase classname="api.test.userTests" name="testdeleteUser" time="3.203"/>
</testsuite> <!-- api.test.userTests -->
