<?xml version="1.0" encoding="UTF-8"?>
<!-- Generated by org.testng.reporters.JUnitReportReporter -->
<testsuite hostname="DELL" failures="0" tests="5" name="api.test.petTests" time="19.449" errors="0" timestamp="2024-12-24T16:34:13 IST" skipped="0">
  <testcase classname="api.test.petTests" name="testpostPet" time="2.717"/>
  <testcase classname="api.test.petTests" name="testuploadImage" time="7.147"/>
  <testcase classname="api.test.petTests" name="testgetPet" time="3.026"/>
  <testcase classname="api.test.petTests" name="testupdatePet" time="4.043"/>
  <testcase classname="api.test.petTests" name="testdeletePet" time="2.516"/>
</testsuite> <!-- api.test.petTests -->
