<?xml version="1.0" encoding="UTF-8"?>
<!-- Generated by org.testng.reporters.JUnitReportReporter -->
<testsuite hostname="DELL" failures="0" tests="4" name="api.test.userTests2" time="13.693" errors="0" timestamp="2024-12-23T16:49:18 IST" skipped="0">
  <testcase classname="api.test.userTests2" name="testPostUser" time="2.354"/>
  <testcase classname="api.test.userTests2" name="testgetUser" time="2.518"/>
  <testcase classname="api.test.userTests2" name="testPutUser" time="6.165"/>
  <testcase classname="api.test.userTests2" name="testdeleteUser" time="2.656"/>
</testsuite> <!-- api.test.userTests2 -->
