<?xml version="1.0" encoding="UTF-8"?>
<!-- Generated by org.testng.reporters.JUnitReportReporter -->
<testsuite hostname="DELL" failures="0" tests="4" name="api.test.userTests2" time="15.446" errors="0" timestamp="2024-12-21T15:16:27 IST" skipped="0">
  <testcase classname="api.test.userTests2" name="testPostUser" time="2.805"/>
  <testcase classname="api.test.userTests2" name="testgetUser" time="3.659"/>
  <testcase classname="api.test.userTests2" name="testPutUser" time="5.960"/>
  <testcase classname="api.test.userTests2" name="testdeleteUser" time="3.022"/>
</testsuite> <!-- api.test.userTests2 -->
