<?xml version="1.0" encoding="UTF-8"?>
<!-- Generated by org.testng.reporters.JUnitReportReporter -->
<testsuite hostname="DELL" failures="0" tests="4" name="api.test.userTests" time="12.727" errors="0" timestamp="2024-12-23T16:53:00 IST" skipped="0">
  <testcase classname="api.test.userTests" name="testPostUser" time="2.290"/>
  <testcase classname="api.test.userTests" name="testgetUser" time="3.224"/>
  <testcase classname="api.test.userTests" name="testPutUser" time="4.965"/>
  <testcase classname="api.test.userTests" name="testdeleteUser" time="2.248"/>
</testsuite> <!-- api.test.userTests -->
