<?xml version="1.0" encoding="UTF-8"?>
<!-- Generated by org.testng.reporters.JUnitReportReporter -->
<testsuite hostname="DELL" failures="0" tests="3" name="api.test.storeTests2" time="11.994" errors="0" timestamp="2024-12-26T12:46:08 IST" skipped="0">
  <testcase classname="api.test.storeTests2" name="testpostOrder" time="3.387"/>
  <testcase classname="api.test.storeTests2" name="testgetOrder" time="4.379"/>
  <testcase classname="api.test.storeTests2" name="testdeletOrder" time="4.228"/>
</testsuite> <!-- api.test.storeTests2 -->
