<?xml version="1.0" encoding="UTF-8"?>
<!-- Generated by org.testng.reporters.JUnitReportReporter -->
<testsuite hostname="DELL" failures="0" tests="6" name="api.test.DDuserTests" time="14.816" errors="0" timestamp="2024-12-21T15:21:08 IST" skipped="0">
  <testcase classname="api.test.DDuserTests" name="testPostUser" time="2.631"/>
  <testcase classname="api.test.DDuserTests" name="testPostUser" time="3.913"/>
  <testcase classname="api.test.DDuserTests" name="testPostUser" time="1.960"/>
  <testcase classname="api.test.DDuserTests" name="testDeleteUser" time="2.439"/>
  <testcase classname="api.test.DDuserTests" name="testDeleteUser" time="2.572"/>
  <testcase classname="api.test.DDuserTests" name="testDeleteUser" time="1.301"/>
</testsuite> <!-- api.test.DDuserTests -->
