<?xml version="1.0" encoding="UTF-8"?>
<!-- Generated by org.testng.reporters.JUnitReportReporter -->
<testsuite hostname="DELL" failures="0" tests="5" name="api.test.petTests2" time="31.355" errors="0" timestamp="2024-12-26T12:46:08 IST" skipped="0">
  <testcase classname="api.test.petTests2" name="testpostPet" time="8.454"/>
  <testcase classname="api.test.petTests2" name="testuploadImage" time="3.817"/>
  <testcase classname="api.test.petTests2" name="testgetPet" time="4.135"/>
  <testcase classname="api.test.petTests2" name="testupdatePet" time="11.920"/>
  <testcase classname="api.test.petTests2" name="testdeletePet" time="3.029"/>
</testsuite> <!-- api.test.petTests2 -->
