<?xml version="1.0" encoding="UTF-8"?>
<!-- Generated by org.testng.reporters.JUnitReportReporter -->
<testsuite hostname="DELL" failures="0" tests="4" name="api.test.userTests" time="11.444" errors="0" timestamp="2024-12-24T16:34:13 IST" skipped="0">
  <testcase classname="api.test.userTests" name="testPostUser" time="2.508"/>
  <testcase classname="api.test.userTests" name="testgetUser" time="2.536"/>
  <testcase classname="api.test.userTests" name="testPutUser" time="3.917"/>
  <testcase classname="api.test.userTests" name="testdeleteUser" time="2.483"/>
</testsuite> <!-- api.test.userTests -->
