<?xml version="1.0" encoding="UTF-8"?>
<!-- Generated by org.testng.reporters.JUnitReportReporter -->
<testsuite hostname="DELL" failures="0" tests="3" name="api.test.storeTests" time="6.747" errors="0" timestamp="2024-12-24T16:34:13 IST" skipped="0">
  <testcase classname="api.test.storeTests" name="testpostOrder" time="2.270"/>
  <testcase classname="api.test.storeTests" name="testgetOrder" time="1.957"/>
  <testcase classname="api.test.storeTests" name="testdeletOrder" time="2.520"/>
</testsuite> <!-- api.test.storeTests -->
