<?xml version="1.0" encoding="UTF-8"?>
<!-- Generated by org.testng.reporters.JUnitReportReporter -->
<testsuite hostname="DELL" failures="0" tests="4" name="api.test.petTests" time="13.932" errors="0" timestamp="2024-12-23T16:53:00 IST" skipped="0">
  <testcase classname="api.test.petTests" name="testpostPet" time="3.996"/>
  <testcase classname="api.test.petTests" name="testgetPet" time="2.818"/>
  <testcase classname="api.test.petTests" name="testupdatePet" time="4.825"/>
  <testcase classname="api.test.petTests" name="testdeletePet" time="2.293"/>
</testsuite> <!-- api.test.petTests -->
