<?xml version="1.0" encoding="UTF-8"?>
<!-- Generated by org.testng.reporters.JUnitReportReporter -->
<testsuite hostname="DELL" failures="0" tests="5" name="api.test.petTests" time="20.581" errors="0" timestamp="2024-12-24T16:41:32 IST" skipped="0">
  <testcase classname="api.test.petTests" name="testpostPet" time="4.793"/>
  <testcase classname="api.test.petTests" name="testuploadImage" time="5.299"/>
  <testcase classname="api.test.petTests" name="testgetPet" time="3.294"/>
  <testcase classname="api.test.petTests" name="testupdatePet" time="4.584"/>
  <testcase classname="api.test.petTests" name="testdeletePet" time="2.611"/>
</testsuite> <!-- api.test.petTests -->
