<?xml version="1.0" encoding="UTF-8"?>
<!-- Generated by org.testng.reporters.JUnitReportReporter -->
<testsuite hostname="DELL" failures="0" tests="3" name="api.test.storeTests" time="6.138" errors="0" timestamp="2024-12-24T16:41:32 IST" skipped="0">
  <testcase classname="api.test.storeTests" name="testpostOrder" time="1.799"/>
  <testcase classname="api.test.storeTests" name="testgetOrder" time="2.251"/>
  <testcase classname="api.test.storeTests" name="testdeletOrder" time="2.088"/>
</testsuite> <!-- api.test.storeTests -->
