<?xml version="1.0" encoding="UTF-8"?>
<!-- Generated by org.testng.reporters.JUnitReportReporter -->
<testsuite hostname="DELL" failures="0" tests="4" name="api.test.userTests2" time="35.538" errors="0" timestamp="2024-12-21T17:15:28 IST" skipped="0">
  <testcase classname="api.test.userTests2" name="testPostUser" time="7.039"/>
  <testcase classname="api.test.userTests2" name="testgetUser" time="8.806"/>
  <testcase classname="api.test.userTests2" name="testPutUser" time="13.376"/>
  <testcase classname="api.test.userTests2" name="testdeleteUser" time="6.317"/>
</testsuite> <!-- api.test.userTests2 -->
