<?xml version="1.0" encoding="UTF-8"?>
<!-- Generated by org.testng.reporters.JUnitReportReporter -->
<testsuite hostname="DELL" failures="0" tests="4" name="api.test.petTests" time="11.632" errors="0" timestamp="2024-12-23T16:57:59 IST" skipped="0">
  <testcase classname="api.test.petTests" name="testpostPet" time="3.915"/>
  <testcase classname="api.test.petTests" name="testgetPet" time="2.780"/>
  <testcase classname="api.test.petTests" name="testupdatePet" time="3.679"/>
  <testcase classname="api.test.petTests" name="testdeletePet" time="1.258"/>
</testsuite> <!-- api.test.petTests -->
