<?xml version="1.0" encoding="UTF-8"?>
<!-- Generated by org.testng.reporters.JUnitReportReporter -->
<testsuite hostname="DELL" failures="0" tests="3" name="api.test.storeTests2" time="16.954" errors="0" timestamp="2024-12-26T12:48:41 IST" skipped="0">
  <testcase classname="api.test.storeTests2" name="testpostOrder" time="4.064"/>
  <testcase classname="api.test.storeTests2" name="testgetOrder" time="8.501"/>
  <testcase classname="api.test.storeTests2" name="testdeletOrder" time="4.389"/>
</testsuite> <!-- api.test.storeTests2 -->
