<?xml version="1.0" encoding="UTF-8"?>
<!-- Generated by org.testng.reporters.JUnitReportReporter -->
<testsuite hostname="DELL" failures="0" tests="5" name="api.test.petTests2" time="36.522" errors="0" timestamp="2024-12-26T12:48:41 IST" skipped="0">
  <testcase classname="api.test.petTests2" name="testpostPet" time="10.652"/>
  <testcase classname="api.test.petTests2" name="testuploadImage" time="8.063"/>
  <testcase classname="api.test.petTests2" name="testgetPet" time="4.005"/>
  <testcase classname="api.test.petTests2" name="testupdatePet" time="7.216"/>
  <testcase classname="api.test.petTests2" name="testdeletePet" time="6.586"/>
</testsuite> <!-- api.test.petTests2 -->
