<?xml version="1.0" encoding="UTF-8"?>
<!-- Generated by org.testng.reporters.JUnitReportReporter -->
<testsuite hostname="DELL" failures="0" tests="4" name="api.test.userTests" time="12.310" errors="0" timestamp="2024-12-24T16:41:32 IST" skipped="0">
  <testcase classname="api.test.userTests" name="testPostUser" time="1.826"/>
  <testcase classname="api.test.userTests" name="testgetUser" time="2.872"/>
  <testcase classname="api.test.userTests" name="testPutUser" time="5.105"/>
  <testcase classname="api.test.userTests" name="testdeleteUser" time="2.507"/>
</testsuite> <!-- api.test.userTests -->
