<?xml version="1.0" encoding="UTF-8"?>
<!-- Generated by org.testng.reporters.JUnitReportReporter -->
<testsuite hostname="DELL" failures="0" tests="4" name="api.test.userTests2" time="23.748" errors="0" timestamp="2024-12-26T12:48:41 IST" skipped="0">
  <testcase classname="api.test.userTests2" name="testPostUser" time="9.538"/>
  <testcase classname="api.test.userTests2" name="testgetUser" time="5.007"/>
  <testcase classname="api.test.userTests2" name="testPutUser" time="7.380"/>
  <testcase classname="api.test.userTests2" name="testdeleteUser" time="1.823"/>
</testsuite> <!-- api.test.userTests2 -->
