<?xml version="1.0" encoding="UTF-8"?>
<!-- Generated by org.testng.reporters.JUnitReportReporter -->
<testsuite hostname="DELL" failures="0" tests="4" name="api.test.userTests" time="11.643" errors="0" timestamp="2024-12-23T16:57:59 IST" skipped="0">
  <testcase classname="api.test.userTests" name="testPostUser" time="2.356"/>
  <testcase classname="api.test.userTests" name="testgetUser" time="2.312"/>
  <testcase classname="api.test.userTests" name="testPutUser" time="4.842"/>
  <testcase classname="api.test.userTests" name="testdeleteUser" time="2.133"/>
</testsuite> <!-- api.test.userTests -->
